2020-01-13 16:06:49.039  INFO 6172 --- [main] c.j.aquaculture.AquacultureApplication   : Starting AquacultureApplication on dell-PC with PID 6172 (started by Administrator in D:\项目开发\高淳河蟹产业链技术平台\code\aquaculture0113\aquaculture)
2020-01-13 16:06:49.056  INFO 6172 --- [main] c.j.aquaculture.AquacultureApplication   : The following profiles are active: test
2020-01-13 16:06:53.710  INFO 6172 --- [main] .s.d.r.c.RepositoryConfigurationDelegate : Multiple Spring Data modules found, entering strict repository configuration mode!
2020-01-13 16:06:53.715  INFO 6172 --- [main] .s.d.r.c.RepositoryConfigurationDelegate : Bootstrapping Spring Data Redis repositories in DEFAULT mode.
2020-01-13 16:06:53.869  INFO 6172 --- [main] .s.d.r.c.RepositoryConfigurationDelegate : Finished Spring Data repository scanning in 108ms. Found 0 Redis repository interfaces.
2020-01-13 16:06:54.832  INFO 6172 --- [main] faultConfiguringBeanFactoryPostProcessor : No bean named 'errorChannel' has been explicitly defined. Therefore, a default PublishSubscribeChannel will be created.
2020-01-13 16:06:54.878  INFO 6172 --- [main] faultConfiguringBeanFactoryPostProcessor : No bean named 'integrationHeaderChannelRegistry' has been explicitly defined. Therefore, a default DefaultHeaderChannelRegistry will be created.
2020-01-13 16:06:55.133  INFO 6172 --- [main] trationDelegate$BeanPostProcessorChecker : Bean 'org.springframework.transaction.annotation.ProxyTransactionManagementConfiguration' of type [org.springframework.transaction.annotation.ProxyTransactionManagementConfiguration] is not eligible for getting processed by all BeanPostProcessors (for example: not eligible for auto-proxying)
2020-01-13 16:06:55.139  INFO 6172 --- [main] trationDelegate$BeanPostProcessorChecker : Bean 'redisConfig' of type [com.jit.aquaculture.config.RedisConfig$$EnhancerBySpringCGLIB$$5af43b3] is not eligible for getting processed by all BeanPostProcessors (for example: not eligible for auto-proxying)
2020-01-13 16:06:55.281  INFO 6172 --- [main] trationDelegate$BeanPostProcessorChecker : Bean 'org.springframework.integration.config.IntegrationManagementConfiguration' of type [org.springframework.integration.config.IntegrationManagementConfiguration] is not eligible for getting processed by all BeanPostProcessors (for example: not eligible for auto-proxying)
2020-01-13 16:06:55.307  INFO 6172 --- [main] trationDelegate$BeanPostProcessorChecker : Bean 'integrationChannelResolver' of type [org.springframework.integration.support.channel.BeanFactoryChannelResolver] is not eligible for getting processed by all BeanPostProcessors (for example: not eligible for auto-proxying)
2020-01-13 16:06:55.312  INFO 6172 --- [main] trationDelegate$BeanPostProcessorChecker : Bean 'integrationDisposableAutoCreatedBeans' of type [org.springframework.integration.config.annotation.Disposables] is not eligible for getting processed by all BeanPostProcessors (for example: not eligible for auto-proxying)
2020-01-13 16:06:55.952  INFO 6172 --- [main] o.s.b.w.embedded.tomcat.TomcatWebServer  : Tomcat initialized with port(s): 8009 (http)
2020-01-13 16:06:55.964  INFO 6172 --- [main] o.apache.catalina.core.StandardService   : Starting service [Tomcat]
2020-01-13 16:06:55.964  INFO 6172 --- [main] org.apache.catalina.core.StandardEngine  : Starting Servlet engine: [Apache Tomcat/9.0.29]
2020-01-13 16:06:56.222  INFO 6172 --- [main] o.a.c.c.C.[Tomcat].[localhost].[/]       : Initializing Spring embedded WebApplicationContext
2020-01-13 16:06:56.222  INFO 6172 --- [main] o.s.web.context.ContextLoader            : Root WebApplicationContext: initialization completed in 7048 ms
2020-01-13 16:06:59.215  INFO 6172 --- [main] pertySourcedRequestMappingHandlerMapping : Mapped URL path [/v2/api-docs] onto method [springfox.documentation.swagger2.web.Swagger2Controller#getDocumentation(String, HttpServletRequest)]
2020-01-13 16:07:00.186  INFO 6172 --- [main] o.s.s.web.DefaultSecurityFilterChain     : Creating filter chain: Ant [pattern='/**/*.gif'], []
2020-01-13 16:07:00.187  INFO 6172 --- [main] o.s.s.web.DefaultSecurityFilterChain     : Creating filter chain: Ant [pattern='/**/*.png'], []
2020-01-13 16:07:00.187  INFO 6172 --- [main] o.s.s.web.DefaultSecurityFilterChain     : Creating filter chain: Ant [pattern='/**/*.jpg'], []
2020-01-13 16:07:00.188  INFO 6172 --- [main] o.s.s.web.DefaultSecurityFilterChain     : Creating filter chain: Ant [pattern='/**/*.html'], []
2020-01-13 16:07:00.188  INFO 6172 --- [main] o.s.s.web.DefaultSecurityFilterChain     : Creating filter chain: Ant [pattern='/**/*.js'], []
2020-01-13 16:07:00.189  INFO 6172 --- [main] o.s.s.web.DefaultSecurityFilterChain     : Creating filter chain: Ant [pattern='/**/*.css'], []
2020-01-13 16:07:00.189  INFO 6172 --- [main] o.s.s.web.DefaultSecurityFilterChain     : Creating filter chain: Ant [pattern='/**/*.ico'], []
2020-01-13 16:07:00.189  INFO 6172 --- [main] o.s.s.web.DefaultSecurityFilterChain     : Creating filter chain: Ant [pattern='/webjars/**'], []
2020-01-13 16:07:00.190  INFO 6172 --- [main] o.s.s.web.DefaultSecurityFilterChain     : Creating filter chain: Ant [pattern='/swagger-ui.html*/**'], []
2020-01-13 16:07:00.190  INFO 6172 --- [main] o.s.s.web.DefaultSecurityFilterChain     : Creating filter chain: Mvc [pattern='/configuration/security'], []
2020-01-13 16:07:00.190  INFO 6172 --- [main] o.s.s.web.DefaultSecurityFilterChain     : Creating filter chain: Mvc [pattern='/swagger-resources/**'], []
2020-01-13 16:07:00.190  INFO 6172 --- [main] o.s.s.web.DefaultSecurityFilterChain     : Creating filter chain: Mvc [pattern='/v2/api-docs'], []
2020-01-13 16:07:00.190  INFO 6172 --- [main] o.s.s.web.DefaultSecurityFilterChain     : Creating filter chain: Mvc [pattern='/swagger-resources'], []
2020-01-13 16:07:00.191  INFO 6172 --- [main] o.s.s.web.DefaultSecurityFilterChain     : Creating filter chain: Mvc [pattern='/swagger-ui.html'], []
2020-01-13 16:07:00.191  INFO 6172 --- [main] o.s.s.web.DefaultSecurityFilterChain     : Creating filter chain: Mvc [pattern='/springfox-swagger-ui/*.js'], []
2020-01-13 16:07:00.234  INFO 6172 --- [main] o.s.s.web.DefaultSecurityFilterChain     : Creating filter chain: any request, [org.springframework.security.web.context.request.async.WebAsyncManagerIntegrationFilter@1682e6a, org.springframework.security.web.context.SecurityContextPersistenceFilter@305552d6, org.springframework.security.web.header.HeaderWriterFilter@9729a97, org.springframework.security.web.authentication.logout.LogoutFilter@510da778, com.jit.aquaculture.jwtsecurity.filter.JwtAuthenticationFilter@505d2bac, org.springframework.security.web.savedrequest.RequestCacheAwareFilter@23b71d24, org.springframework.security.web.servletapi.SecurityContextHolderAwareRequestFilter@7c5f29c6, org.springframework.security.web.authentication.AnonymousAuthenticationFilter@4cecc15a, org.springframework.security.web.session.SessionManagementFilter@6df791a4, org.springframework.security.web.access.ExceptionTranslationFilter@99c4993, org.springframework.security.web.access.intercept.FilterSecurityInterceptor@1ac0cdb0]
2020-01-13 16:07:00.240  INFO 6172 --- [main] c.j.a.config.iot.InfluxDbConfig          : ======连接influx db==========
2020-01-13 16:07:00.647  INFO 6172 --- [main] c.j.a.mapper.influxdb.InfluxDBConnect    : 连接 Influx DB 成功!
2020-01-13 16:07:00.981  INFO 6172 --- [main] o.apache.catalina.core.StandardService   : Stopping service [Tomcat]
2020-01-13 16:07:00.992  INFO 6172 --- [main] ConditionEvaluationReportLoggingListener : 

Error starting ApplicationContext. To display the conditions report re-run your application with 'debug' enabled.
2020-01-13 16:12:25.954  INFO 8600 --- [main] c.j.aquaculture.AquacultureApplication   : Starting AquacultureApplication on dell-PC with PID 8600 (started by Administrator in D:\项目开发\高淳河蟹产业链技术平台\code\aquaculture0113\aquaculture)
2020-01-13 16:12:26.003  INFO 8600 --- [main] c.j.aquaculture.AquacultureApplication   : The following profiles are active: test
2020-01-13 16:12:27.214  INFO 8600 --- [main] .s.d.r.c.RepositoryConfigurationDelegate : Multiple Spring Data modules found, entering strict repository configuration mode!
2020-01-13 16:12:27.216  INFO 8600 --- [main] .s.d.r.c.RepositoryConfigurationDelegate : Bootstrapping Spring Data Redis repositories in DEFAULT mode.
2020-01-13 16:12:27.293  INFO 8600 --- [main] .s.d.r.c.RepositoryConfigurationDelegate : Finished Spring Data repository scanning in 64ms. Found 0 Redis repository interfaces.
2020-01-13 16:12:27.602  INFO 8600 --- [main] faultConfiguringBeanFactoryPostProcessor : No bean named 'errorChannel' has been explicitly defined. Therefore, a default PublishSubscribeChannel will be created.
2020-01-13 16:12:27.615  INFO 8600 --- [main] faultConfiguringBeanFactoryPostProcessor : No bean named 'integrationHeaderChannelRegistry' has been explicitly defined. Therefore, a default DefaultHeaderChannelRegistry will be created.
2020-01-13 16:12:27.703  INFO 8600 --- [main] trationDelegate$BeanPostProcessorChecker : Bean 'org.springframework.transaction.annotation.ProxyTransactionManagementConfiguration' of type [org.springframework.transaction.annotation.ProxyTransactionManagementConfiguration] is not eligible for getting processed by all BeanPostProcessors (for example: not eligible for auto-proxying)
2020-01-13 16:12:27.710  INFO 8600 --- [main] trationDelegate$BeanPostProcessorChecker : Bean 'redisConfig' of type [com.jit.aquaculture.config.RedisConfig$$EnhancerBySpringCGLIB$$88d7c030] is not eligible for getting processed by all BeanPostProcessors (for example: not eligible for auto-proxying)
2020-01-13 16:12:27.762  INFO 8600 --- [main] trationDelegate$BeanPostProcessorChecker : Bean 'org.springframework.integration.config.IntegrationManagementConfiguration' of type [org.springframework.integration.config.IntegrationManagementConfiguration] is not eligible for getting processed by all BeanPostProcessors (for example: not eligible for auto-proxying)
2020-01-13 16:12:27.772  INFO 8600 --- [main] trationDelegate$BeanPostProcessorChecker : Bean 'integrationChannelResolver' of type [org.springframework.integration.support.channel.BeanFactoryChannelResolver] is not eligible for getting processed by all BeanPostProcessors (for example: not eligible for auto-proxying)
2020-01-13 16:12:27.774  INFO 8600 --- [main] trationDelegate$BeanPostProcessorChecker : Bean 'integrationDisposableAutoCreatedBeans' of type [org.springframework.integration.config.annotation.Disposables] is not eligible for getting processed by all BeanPostProcessors (for example: not eligible for auto-proxying)
2020-01-13 16:12:28.127  INFO 8600 --- [main] o.s.b.w.embedded.tomcat.TomcatWebServer  : Tomcat initialized with port(s): 8009 (http)
2020-01-13 16:12:28.136  INFO 8600 --- [main] o.apache.catalina.core.StandardService   : Starting service [Tomcat]
2020-01-13 16:12:28.136  INFO 8600 --- [main] org.apache.catalina.core.StandardEngine  : Starting Servlet engine: [Apache Tomcat/9.0.29]
2020-01-13 16:12:28.269  INFO 8600 --- [main] o.a.c.c.C.[Tomcat].[localhost].[/]       : Initializing Spring embedded WebApplicationContext
2020-01-13 16:12:28.270  INFO 8600 --- [main] o.s.web.context.ContextLoader            : Root WebApplicationContext: initialization completed in 2227 ms
2020-01-13 16:12:30.165  INFO 8600 --- [main] pertySourcedRequestMappingHandlerMapping : Mapped URL path [/v2/api-docs] onto method [springfox.documentation.swagger2.web.Swagger2Controller#getDocumentation(String, HttpServletRequest)]
2020-01-13 16:12:30.560  INFO 8600 --- [main] o.s.s.web.DefaultSecurityFilterChain     : Creating filter chain: Ant [pattern='/**/*.gif'], []
2020-01-13 16:12:30.560  INFO 8600 --- [main] o.s.s.web.DefaultSecurityFilterChain     : Creating filter chain: Ant [pattern='/**/*.png'], []
2020-01-13 16:12:30.561  INFO 8600 --- [main] o.s.s.web.DefaultSecurityFilterChain     : Creating filter chain: Ant [pattern='/**/*.jpg'], []
2020-01-13 16:12:30.561  INFO 8600 --- [main] o.s.s.web.DefaultSecurityFilterChain     : Creating filter chain: Ant [pattern='/**/*.html'], []
2020-01-13 16:12:30.561  INFO 8600 --- [main] o.s.s.web.DefaultSecurityFilterChain     : Creating filter chain: Ant [pattern='/**/*.js'], []
2020-01-13 16:12:30.561  INFO 8600 --- [main] o.s.s.web.DefaultSecurityFilterChain     : Creating filter chain: Ant [pattern='/**/*.css'], []
2020-01-13 16:12:30.561  INFO 8600 --- [main] o.s.s.web.DefaultSecurityFilterChain     : Creating filter chain: Ant [pattern='/**/*.ico'], []
2020-01-13 16:12:30.561  INFO 8600 --- [main] o.s.s.web.DefaultSecurityFilterChain     : Creating filter chain: Ant [pattern='/webjars/**'], []
2020-01-13 16:12:30.561  INFO 8600 --- [main] o.s.s.web.DefaultSecurityFilterChain     : Creating filter chain: Ant [pattern='/swagger-ui.html*/**'], []
2020-01-13 16:12:30.562  INFO 8600 --- [main] o.s.s.web.DefaultSecurityFilterChain     : Creating filter chain: Mvc [pattern='/configuration/security'], []
2020-01-13 16:12:30.562  INFO 8600 --- [main] o.s.s.web.DefaultSecurityFilterChain     : Creating filter chain: Mvc [pattern='/swagger-resources/**'], []
2020-01-13 16:12:30.562  INFO 8600 --- [main] o.s.s.web.DefaultSecurityFilterChain     : Creating filter chain: Mvc [pattern='/v2/api-docs'], []
2020-01-13 16:12:30.562  INFO 8600 --- [main] o.s.s.web.DefaultSecurityFilterChain     : Creating filter chain: Mvc [pattern='/swagger-resources'], []
2020-01-13 16:12:30.562  INFO 8600 --- [main] o.s.s.web.DefaultSecurityFilterChain     : Creating filter chain: Mvc [pattern='/swagger-ui.html'], []
2020-01-13 16:12:30.562  INFO 8600 --- [main] o.s.s.web.DefaultSecurityFilterChain     : Creating filter chain: Mvc [pattern='/springfox-swagger-ui/*.js'], []
2020-01-13 16:12:30.591  INFO 8600 --- [main] o.s.s.web.DefaultSecurityFilterChain     : Creating filter chain: any request, [org.springframework.security.web.context.request.async.WebAsyncManagerIntegrationFilter@5ed25612, org.springframework.security.web.context.SecurityContextPersistenceFilter@505d2bac, org.springframework.security.web.header.HeaderWriterFilter@2b098563, org.springframework.security.web.authentication.logout.LogoutFilter@710ae6a7, com.jit.aquaculture.jwtsecurity.filter.JwtAuthenticationFilter@451816fd, org.springframework.security.web.savedrequest.RequestCacheAwareFilter@d969452, org.springframework.security.web.servletapi.SecurityContextHolderAwareRequestFilter@6e2eead5, org.springframework.security.web.authentication.AnonymousAuthenticationFilter@56e5c8fb, org.springframework.security.web.session.SessionManagementFilter@6684f7f2, org.springframework.security.web.access.ExceptionTranslationFilter@3c17bd0b, org.springframework.security.web.access.intercept.FilterSecurityInterceptor@656ec00d]
2020-01-13 16:12:30.598  INFO 8600 --- [main] c.j.a.config.iot.InfluxDbConfig          : ======连接influx db==========
2020-01-13 16:12:30.803  INFO 8600 --- [main] c.j.a.mapper.influxdb.InfluxDBConnect    : 连接 Influx DB 成功!
2020-01-13 16:12:30.902  INFO 8600 --- [main] o.apache.catalina.core.StandardService   : Stopping service [Tomcat]
2020-01-13 16:12:30.917  INFO 8600 --- [main] ConditionEvaluationReportLoggingListener : 

Error starting ApplicationContext. To display the conditions report re-run your application with 'debug' enabled.
2020-01-13 16:12:40.721  INFO 4384 --- [main] c.j.aquaculture.AquacultureApplication   : Starting AquacultureApplication on dell-PC with PID 4384 (started by Administrator in D:\项目开发\高淳河蟹产业链技术平台\code\aquaculture0113\aquaculture)
2020-01-13 16:12:40.725  INFO 4384 --- [main] c.j.aquaculture.AquacultureApplication   : The following profiles are active: test
2020-01-13 16:12:42.002  INFO 4384 --- [main] .s.d.r.c.RepositoryConfigurationDelegate : Multiple Spring Data modules found, entering strict repository configuration mode!
2020-01-13 16:12:42.004  INFO 4384 --- [main] .s.d.r.c.RepositoryConfigurationDelegate : Bootstrapping Spring Data Redis repositories in DEFAULT mode.
2020-01-13 16:12:42.079  INFO 4384 --- [main] .s.d.r.c.RepositoryConfigurationDelegate : Finished Spring Data repository scanning in 63ms. Found 0 Redis repository interfaces.
2020-01-13 16:12:42.381  INFO 4384 --- [main] faultConfiguringBeanFactoryPostProcessor : No bean named 'errorChannel' has been explicitly defined. Therefore, a default PublishSubscribeChannel will be created.
2020-01-13 16:12:42.394  INFO 4384 --- [main] faultConfiguringBeanFactoryPostProcessor : No bean named 'integrationHeaderChannelRegistry' has been explicitly defined. Therefore, a default DefaultHeaderChannelRegistry will be created.
2020-01-13 16:12:42.479  INFO 4384 --- [main] trationDelegate$BeanPostProcessorChecker : Bean 'org.springframework.transaction.annotation.ProxyTransactionManagementConfiguration' of type [org.springframework.transaction.annotation.ProxyTransactionManagementConfiguration] is not eligible for getting processed by all BeanPostProcessors (for example: not eligible for auto-proxying)
2020-01-13 16:12:42.485  INFO 4384 --- [main] trationDelegate$BeanPostProcessorChecker : Bean 'redisConfig' of type [com.jit.aquaculture.config.RedisConfig$$EnhancerBySpringCGLIB$$e4b9b117] is not eligible for getting processed by all BeanPostProcessors (for example: not eligible for auto-proxying)
2020-01-13 16:12:42.533  INFO 4384 --- [main] trationDelegate$BeanPostProcessorChecker : Bean 'org.springframework.integration.config.IntegrationManagementConfiguration' of type [org.springframework.integration.config.IntegrationManagementConfiguration] is not eligible for getting processed by all BeanPostProcessors (for example: not eligible for auto-proxying)
2020-01-13 16:12:42.540  INFO 4384 --- [main] trationDelegate$BeanPostProcessorChecker : Bean 'integrationChannelResolver' of type [org.springframework.integration.support.channel.BeanFactoryChannelResolver] is not eligible for getting processed by all BeanPostProcessors (for example: not eligible for auto-proxying)
2020-01-13 16:12:42.543  INFO 4384 --- [main] trationDelegate$BeanPostProcessorChecker : Bean 'integrationDisposableAutoCreatedBeans' of type [org.springframework.integration.config.annotation.Disposables] is not eligible for getting processed by all BeanPostProcessors (for example: not eligible for auto-proxying)
2020-01-13 16:12:42.852  INFO 4384 --- [main] o.s.b.w.embedded.tomcat.TomcatWebServer  : Tomcat initialized with port(s): 8089 (http)
2020-01-13 16:12:42.860  INFO 4384 --- [main] o.apache.catalina.core.StandardService   : Starting service [Tomcat]
2020-01-13 16:12:42.860  INFO 4384 --- [main] org.apache.catalina.core.StandardEngine  : Starting Servlet engine: [Apache Tomcat/9.0.29]
2020-01-13 16:12:42.985  INFO 4384 --- [main] o.a.c.c.C.[Tomcat].[localhost].[/]       : Initializing Spring embedded WebApplicationContext
2020-01-13 16:12:42.985  INFO 4384 --- [main] o.s.web.context.ContextLoader            : Root WebApplicationContext: initialization completed in 2066 ms
2020-01-13 16:12:44.781  INFO 4384 --- [main] pertySourcedRequestMappingHandlerMapping : Mapped URL path [/v2/api-docs] onto method [springfox.documentation.swagger2.web.Swagger2Controller#getDocumentation(String, HttpServletRequest)]
2020-01-13 16:12:45.156  INFO 4384 --- [main] o.s.s.web.DefaultSecurityFilterChain     : Creating filter chain: Ant [pattern='/**/*.gif'], []
2020-01-13 16:12:45.156  INFO 4384 --- [main] o.s.s.web.DefaultSecurityFilterChain     : Creating filter chain: Ant [pattern='/**/*.png'], []
2020-01-13 16:12:45.156  INFO 4384 --- [main] o.s.s.web.DefaultSecurityFilterChain     : Creating filter chain: Ant [pattern='/**/*.jpg'], []
2020-01-13 16:12:45.156  INFO 4384 --- [main] o.s.s.web.DefaultSecurityFilterChain     : Creating filter chain: Ant [pattern='/**/*.html'], []
2020-01-13 16:12:45.157  INFO 4384 --- [main] o.s.s.web.DefaultSecurityFilterChain     : Creating filter chain: Ant [pattern='/**/*.js'], []
2020-01-13 16:12:45.157  INFO 4384 --- [main] o.s.s.web.DefaultSecurityFilterChain     : Creating filter chain: Ant [pattern='/**/*.css'], []
2020-01-13 16:12:45.157  INFO 4384 --- [main] o.s.s.web.DefaultSecurityFilterChain     : Creating filter chain: Ant [pattern='/**/*.ico'], []
2020-01-13 16:12:45.157  INFO 4384 --- [main] o.s.s.web.DefaultSecurityFilterChain     : Creating filter chain: Ant [pattern='/webjars/**'], []
2020-01-13 16:12:45.157  INFO 4384 --- [main] o.s.s.web.DefaultSecurityFilterChain     : Creating filter chain: Ant [pattern='/swagger-ui.html*/**'], []
2020-01-13 16:12:45.157  INFO 4384 --- [main] o.s.s.web.DefaultSecurityFilterChain     : Creating filter chain: Mvc [pattern='/configuration/security'], []
2020-01-13 16:12:45.157  INFO 4384 --- [main] o.s.s.web.DefaultSecurityFilterChain     : Creating filter chain: Mvc [pattern='/swagger-resources/**'], []
2020-01-13 16:12:45.157  INFO 4384 --- [main] o.s.s.web.DefaultSecurityFilterChain     : Creating filter chain: Mvc [pattern='/v2/api-docs'], []
2020-01-13 16:12:45.157  INFO 4384 --- [main] o.s.s.web.DefaultSecurityFilterChain     : Creating filter chain: Mvc [pattern='/swagger-resources'], []
2020-01-13 16:12:45.157  INFO 4384 --- [main] o.s.s.web.DefaultSecurityFilterChain     : Creating filter chain: Mvc [pattern='/swagger-ui.html'], []
2020-01-13 16:12:45.157  INFO 4384 --- [main] o.s.s.web.DefaultSecurityFilterChain     : Creating filter chain: Mvc [pattern='/springfox-swagger-ui/*.js'], []
2020-01-13 16:12:45.190  INFO 4384 --- [main] o.s.s.web.DefaultSecurityFilterChain     : Creating filter chain: any request, [org.springframework.security.web.context.request.async.WebAsyncManagerIntegrationFilter@6f8667bb, org.springframework.security.web.context.SecurityContextPersistenceFilter@4cb24e2, org.springframework.security.web.header.HeaderWriterFilter@6d7740f0, org.springframework.security.web.authentication.logout.LogoutFilter@4aa3fc9a, com.jit.aquaculture.jwtsecurity.filter.JwtAuthenticationFilter@100d0218, org.springframework.security.web.savedrequest.RequestCacheAwareFilter@2296127, org.springframework.security.web.servletapi.SecurityContextHolderAwareRequestFilter@4d0e1a9a, org.springframework.security.web.authentication.AnonymousAuthenticationFilter@2774dcf4, org.springframework.security.web.session.SessionManagementFilter@2b2a4332, org.springframework.security.web.access.ExceptionTranslationFilter@cfd5cd2, org.springframework.security.web.access.intercept.FilterSecurityInterceptor@589dfa6f]
2020-01-13 16:12:45.198  INFO 4384 --- [main] c.j.a.config.iot.InfluxDbConfig          : ======连接influx db==========
2020-01-13 16:12:45.338  INFO 4384 --- [main] c.j.a.mapper.influxdb.InfluxDBConnect    : 连接 Influx DB 成功!
2020-01-13 16:12:45.407  INFO 4384 --- [main] o.apache.catalina.core.StandardService   : Stopping service [Tomcat]
2020-01-13 16:12:45.417  INFO 4384 --- [main] ConditionEvaluationReportLoggingListener : 

Error starting ApplicationContext. To display the conditions report re-run your application with 'debug' enabled.
2020-01-13 16:13:04.032  INFO 6188 --- [main] c.j.aquaculture.AquacultureApplication   : Starting AquacultureApplication on dell-PC with PID 6188 (started by Administrator in D:\项目开发\高淳河蟹产业链技术平台\code\aquaculture0113\aquaculture)
2020-01-13 16:13:04.035  INFO 6188 --- [main] c.j.aquaculture.AquacultureApplication   : The following profiles are active: test
2020-01-13 16:13:05.280  INFO 6188 --- [main] .s.d.r.c.RepositoryConfigurationDelegate : Multiple Spring Data modules found, entering strict repository configuration mode!
2020-01-13 16:13:05.283  INFO 6188 --- [main] .s.d.r.c.RepositoryConfigurationDelegate : Bootstrapping Spring Data Redis repositories in DEFAULT mode.
2020-01-13 16:13:05.360  INFO 6188 --- [main] .s.d.r.c.RepositoryConfigurationDelegate : Finished Spring Data repository scanning in 65ms. Found 0 Redis repository interfaces.
2020-01-13 16:13:05.680  INFO 6188 --- [main] faultConfiguringBeanFactoryPostProcessor : No bean named 'errorChannel' has been explicitly defined. Therefore, a default PublishSubscribeChannel will be created.
2020-01-13 16:13:05.694  INFO 6188 --- [main] faultConfiguringBeanFactoryPostProcessor : No bean named 'integrationHeaderChannelRegistry' has been explicitly defined. Therefore, a default DefaultHeaderChannelRegistry will be created.
2020-01-13 16:13:05.796  INFO 6188 --- [main] trationDelegate$BeanPostProcessorChecker : Bean 'org.springframework.transaction.annotation.ProxyTransactionManagementConfiguration' of type [org.springframework.transaction.annotation.ProxyTransactionManagementConfiguration] is not eligible for getting processed by all BeanPostProcessors (for example: not eligible for auto-proxying)
2020-01-13 16:13:05.804  INFO 6188 --- [main] trationDelegate$BeanPostProcessorChecker : Bean 'redisConfig' of type [com.jit.aquaculture.config.RedisConfig$$EnhancerBySpringCGLIB$$81ec0e5c] is not eligible for getting processed by all BeanPostProcessors (for example: not eligible for auto-proxying)
2020-01-13 16:13:05.854  INFO 6188 --- [main] trationDelegate$BeanPostProcessorChecker : Bean 'org.springframework.integration.config.IntegrationManagementConfiguration' of type [org.springframework.integration.config.IntegrationManagementConfiguration] is not eligible for getting processed by all BeanPostProcessors (for example: not eligible for auto-proxying)
2020-01-13 16:13:05.863  INFO 6188 --- [main] trationDelegate$BeanPostProcessorChecker : Bean 'integrationChannelResolver' of type [org.springframework.integration.support.channel.BeanFactoryChannelResolver] is not eligible for getting processed by all BeanPostProcessors (for example: not eligible for auto-proxying)
2020-01-13 16:13:05.865  INFO 6188 --- [main] trationDelegate$BeanPostProcessorChecker : Bean 'integrationDisposableAutoCreatedBeans' of type [org.springframework.integration.config.annotation.Disposables] is not eligible for getting processed by all BeanPostProcessors (for example: not eligible for auto-proxying)
2020-01-13 16:13:06.282  INFO 6188 --- [main] o.s.b.w.embedded.tomcat.TomcatWebServer  : Tomcat initialized with port(s): 8089 (http)
2020-01-13 16:13:06.291  INFO 6188 --- [main] o.apache.catalina.core.StandardService   : Starting service [Tomcat]
2020-01-13 16:13:06.291  INFO 6188 --- [main] org.apache.catalina.core.StandardEngine  : Starting Servlet engine: [Apache Tomcat/9.0.29]
2020-01-13 16:13:06.419  INFO 6188 --- [main] o.a.c.c.C.[Tomcat].[localhost].[/]       : Initializing Spring embedded WebApplicationContext
2020-01-13 16:13:06.420  INFO 6188 --- [main] o.s.web.context.ContextLoader            : Root WebApplicationContext: initialization completed in 2245 ms
2020-01-13 16:13:08.400  INFO 6188 --- [main] pertySourcedRequestMappingHandlerMapping : Mapped URL path [/v2/api-docs] onto method [springfox.documentation.swagger2.web.Swagger2Controller#getDocumentation(String, HttpServletRequest)]
2020-01-13 16:13:08.785  INFO 6188 --- [main] o.s.s.web.DefaultSecurityFilterChain     : Creating filter chain: Ant [pattern='/**/*.gif'], []
2020-01-13 16:13:08.786  INFO 6188 --- [main] o.s.s.web.DefaultSecurityFilterChain     : Creating filter chain: Ant [pattern='/**/*.png'], []
2020-01-13 16:13:08.786  INFO 6188 --- [main] o.s.s.web.DefaultSecurityFilterChain     : Creating filter chain: Ant [pattern='/**/*.jpg'], []
2020-01-13 16:13:08.786  INFO 6188 --- [main] o.s.s.web.DefaultSecurityFilterChain     : Creating filter chain: Ant [pattern='/**/*.html'], []
2020-01-13 16:13:08.786  INFO 6188 --- [main] o.s.s.web.DefaultSecurityFilterChain     : Creating filter chain: Ant [pattern='/**/*.js'], []
2020-01-13 16:13:08.786  INFO 6188 --- [main] o.s.s.web.DefaultSecurityFilterChain     : Creating filter chain: Ant [pattern='/**/*.css'], []
2020-01-13 16:13:08.787  INFO 6188 --- [main] o.s.s.web.DefaultSecurityFilterChain     : Creating filter chain: Ant [pattern='/**/*.ico'], []
2020-01-13 16:13:08.787  INFO 6188 --- [main] o.s.s.web.DefaultSecurityFilterChain     : Creating filter chain: Ant [pattern='/webjars/**'], []
2020-01-13 16:13:08.787  INFO 6188 --- [main] o.s.s.web.DefaultSecurityFilterChain     : Creating filter chain: Ant [pattern='/swagger-ui.html*/**'], []
2020-01-13 16:13:08.787  INFO 6188 --- [main] o.s.s.web.DefaultSecurityFilterChain     : Creating filter chain: Mvc [pattern='/configuration/security'], []
2020-01-13 16:13:08.787  INFO 6188 --- [main] o.s.s.web.DefaultSecurityFilterChain     : Creating filter chain: Mvc [pattern='/swagger-resources/**'], []
2020-01-13 16:13:08.787  INFO 6188 --- [main] o.s.s.web.DefaultSecurityFilterChain     : Creating filter chain: Mvc [pattern='/v2/api-docs'], []
2020-01-13 16:13:08.787  INFO 6188 --- [main] o.s.s.web.DefaultSecurityFilterChain     : Creating filter chain: Mvc [pattern='/swagger-resources'], []
2020-01-13 16:13:08.787  INFO 6188 --- [main] o.s.s.web.DefaultSecurityFilterChain     : Creating filter chain: Mvc [pattern='/swagger-ui.html'], []
2020-01-13 16:13:08.788  INFO 6188 --- [main] o.s.s.web.DefaultSecurityFilterChain     : Creating filter chain: Mvc [pattern='/springfox-swagger-ui/*.js'], []
2020-01-13 16:13:08.817  INFO 6188 --- [main] o.s.s.web.DefaultSecurityFilterChain     : Creating filter chain: any request, [org.springframework.security.web.context.request.async.WebAsyncManagerIntegrationFilter@2154652c, org.springframework.security.web.context.SecurityContextPersistenceFilter@7b211077, org.springframework.security.web.header.HeaderWriterFilter@36df4c26, org.springframework.security.web.authentication.logout.LogoutFilter@5409dfdd, com.jit.aquaculture.jwtsecurity.filter.JwtAuthenticationFilter@8b670c0, org.springframework.security.web.savedrequest.RequestCacheAwareFilter@62b0bf85, org.springframework.security.web.servletapi.SecurityContextHolderAwareRequestFilter@5d7f1e59, org.springframework.security.web.authentication.AnonymousAuthenticationFilter@4c2ab536, org.springframework.security.web.session.SessionManagementFilter@590013c7, org.springframework.security.web.access.ExceptionTranslationFilter@62058742, org.springframework.security.web.access.intercept.FilterSecurityInterceptor@1b3bec6c]
2020-01-13 16:13:08.824  INFO 6188 --- [main] c.j.a.config.iot.InfluxDbConfig          : ======连接influx db==========
2020-01-13 16:13:08.965  INFO 6188 --- [main] c.j.a.mapper.influxdb.InfluxDBConnect    : 连接 Influx DB 成功!
2020-01-13 16:13:09.052  INFO 6188 --- [main] o.apache.catalina.core.StandardService   : Stopping service [Tomcat]
2020-01-13 16:13:09.072  INFO 6188 --- [main] ConditionEvaluationReportLoggingListener : 

Error starting ApplicationContext. To display the conditions report re-run your application with 'debug' enabled.
2020-01-13 16:13:37.124  INFO 6340 --- [main] c.j.aquaculture.AquacultureApplication   : Starting AquacultureApplication on dell-PC with PID 6340 (started by Administrator in D:\项目开发\高淳河蟹产业链技术平台\code\aquaculture0113\aquaculture)
2020-01-13 16:13:37.128  INFO 6340 --- [main] c.j.aquaculture.AquacultureApplication   : The following profiles are active: test
2020-01-13 16:13:38.386  INFO 6340 --- [main] .s.d.r.c.RepositoryConfigurationDelegate : Multiple Spring Data modules found, entering strict repository configuration mode!
2020-01-13 16:13:38.389  INFO 6340 --- [main] .s.d.r.c.RepositoryConfigurationDelegate : Bootstrapping Spring Data Redis repositories in DEFAULT mode.
2020-01-13 16:13:38.505  INFO 6340 --- [main] .s.d.r.c.RepositoryConfigurationDelegate : Finished Spring Data repository scanning in 94ms. Found 0 Redis repository interfaces.
2020-01-13 16:13:38.832  INFO 6340 --- [main] faultConfiguringBeanFactoryPostProcessor : No bean named 'errorChannel' has been explicitly defined. Therefore, a default PublishSubscribeChannel will be created.
2020-01-13 16:13:38.844  INFO 6340 --- [main] faultConfiguringBeanFactoryPostProcessor : No bean named 'integrationHeaderChannelRegistry' has been explicitly defined. Therefore, a default DefaultHeaderChannelRegistry will be created.
2020-01-13 16:13:38.931  INFO 6340 --- [main] trationDelegate$BeanPostProcessorChecker : Bean 'org.springframework.transaction.annotation.ProxyTransactionManagementConfiguration' of type [org.springframework.transaction.annotation.ProxyTransactionManagementConfiguration] is not eligible for getting processed by all BeanPostProcessors (for example: not eligible for auto-proxying)
2020-01-13 16:13:38.938  INFO 6340 --- [main] trationDelegate$BeanPostProcessorChecker : Bean 'redisConfig' of type [com.jit.aquaculture.config.RedisConfig$$EnhancerBySpringCGLIB$$7a5500ba] is not eligible for getting processed by all BeanPostProcessors (for example: not eligible for auto-proxying)
2020-01-13 16:13:38.989  INFO 6340 --- [main] trationDelegate$BeanPostProcessorChecker : Bean 'org.springframework.integration.config.IntegrationManagementConfiguration' of type [org.springframework.integration.config.IntegrationManagementConfiguration] is not eligible for getting processed by all BeanPostProcessors (for example: not eligible for auto-proxying)
2020-01-13 16:13:38.998  INFO 6340 --- [main] trationDelegate$BeanPostProcessorChecker : Bean 'integrationChannelResolver' of type [org.springframework.integration.support.channel.BeanFactoryChannelResolver] is not eligible for getting processed by all BeanPostProcessors (for example: not eligible for auto-proxying)
2020-01-13 16:13:39.000  INFO 6340 --- [main] trationDelegate$BeanPostProcessorChecker : Bean 'integrationDisposableAutoCreatedBeans' of type [org.springframework.integration.config.annotation.Disposables] is not eligible for getting processed by all BeanPostProcessors (for example: not eligible for auto-proxying)
2020-01-13 16:13:39.347  INFO 6340 --- [main] o.s.b.w.embedded.tomcat.TomcatWebServer  : Tomcat initialized with port(s): 8089 (http)
2020-01-13 16:13:39.355  INFO 6340 --- [main] o.apache.catalina.core.StandardService   : Starting service [Tomcat]
2020-01-13 16:13:39.355  INFO 6340 --- [main] org.apache.catalina.core.StandardEngine  : Starting Servlet engine: [Apache Tomcat/9.0.29]
2020-01-13 16:13:39.474  INFO 6340 --- [main] o.a.c.c.C.[Tomcat].[localhost].[/]       : Initializing Spring embedded WebApplicationContext
2020-01-13 16:13:39.474  INFO 6340 --- [main] o.s.web.context.ContextLoader            : Root WebApplicationContext: initialization completed in 2217 ms
2020-01-13 16:13:41.258  INFO 6340 --- [main] pertySourcedRequestMappingHandlerMapping : Mapped URL path [/v2/api-docs] onto method [springfox.documentation.swagger2.web.Swagger2Controller#getDocumentation(String, HttpServletRequest)]
2020-01-13 16:13:41.640  INFO 6340 --- [main] o.s.s.web.DefaultSecurityFilterChain     : Creating filter chain: Ant [pattern='/**/*.gif'], []
2020-01-13 16:13:41.641  INFO 6340 --- [main] o.s.s.web.DefaultSecurityFilterChain     : Creating filter chain: Ant [pattern='/**/*.png'], []
2020-01-13 16:13:41.641  INFO 6340 --- [main] o.s.s.web.DefaultSecurityFilterChain     : Creating filter chain: Ant [pattern='/**/*.jpg'], []
2020-01-13 16:13:41.641  INFO 6340 --- [main] o.s.s.web.DefaultSecurityFilterChain     : Creating filter chain: Ant [pattern='/**/*.html'], []
2020-01-13 16:13:41.641  INFO 6340 --- [main] o.s.s.web.DefaultSecurityFilterChain     : Creating filter chain: Ant [pattern='/**/*.js'], []
2020-01-13 16:13:41.641  INFO 6340 --- [main] o.s.s.web.DefaultSecurityFilterChain     : Creating filter chain: Ant [pattern='/**/*.css'], []
2020-01-13 16:13:41.641  INFO 6340 --- [main] o.s.s.web.DefaultSecurityFilterChain     : Creating filter chain: Ant [pattern='/**/*.ico'], []
2020-01-13 16:13:41.641  INFO 6340 --- [main] o.s.s.web.DefaultSecurityFilterChain     : Creating filter chain: Ant [pattern='/webjars/**'], []
2020-01-13 16:13:41.641  INFO 6340 --- [main] o.s.s.web.DefaultSecurityFilterChain     : Creating filter chain: Ant [pattern='/swagger-ui.html*/**'], []
2020-01-13 16:13:41.642  INFO 6340 --- [main] o.s.s.web.DefaultSecurityFilterChain     : Creating filter chain: Mvc [pattern='/configuration/security'], []
2020-01-13 16:13:41.642  INFO 6340 --- [main] o.s.s.web.DefaultSecurityFilterChain     : Creating filter chain: Mvc [pattern='/swagger-resources/**'], []
2020-01-13 16:13:41.642  INFO 6340 --- [main] o.s.s.web.DefaultSecurityFilterChain     : Creating filter chain: Mvc [pattern='/v2/api-docs'], []
2020-01-13 16:13:41.642  INFO 6340 --- [main] o.s.s.web.DefaultSecurityFilterChain     : Creating filter chain: Mvc [pattern='/swagger-resources'], []
2020-01-13 16:13:41.642  INFO 6340 --- [main] o.s.s.web.DefaultSecurityFilterChain     : Creating filter chain: Mvc [pattern='/swagger-ui.html'], []
2020-01-13 16:13:41.642  INFO 6340 --- [main] o.s.s.web.DefaultSecurityFilterChain     : Creating filter chain: Mvc [pattern='/springfox-swagger-ui/*.js'], []
2020-01-13 16:13:41.668  INFO 6340 --- [main] o.s.s.web.DefaultSecurityFilterChain     : Creating filter chain: any request, [org.springframework.security.web.context.request.async.WebAsyncManagerIntegrationFilter@45dde6ac, org.springframework.security.web.context.SecurityContextPersistenceFilter@100d0218, org.springframework.security.web.header.HeaderWriterFilter@25ae1f80, org.springframework.security.web.authentication.logout.LogoutFilter@227a933d, com.jit.aquaculture.jwtsecurity.filter.JwtAuthenticationFilter@14ed7ddf, org.springframework.security.web.savedrequest.RequestCacheAwareFilter@20b829d5, org.springframework.security.web.servletapi.SecurityContextHolderAwareRequestFilter@52c46334, org.springframework.security.web.authentication.AnonymousAuthenticationFilter@892af0e, org.springframework.security.web.session.SessionManagementFilter@43588265, org.springframework.security.web.access.ExceptionTranslationFilter@64bba0eb, org.springframework.security.web.access.intercept.FilterSecurityInterceptor@5e385b6f]
2020-01-13 16:13:41.674  INFO 6340 --- [main] c.j.a.config.iot.InfluxDbConfig          : ======连接influx db==========
2020-01-13 16:13:41.814  INFO 6340 --- [main] c.j.a.mapper.influxdb.InfluxDBConnect    : 连接 Influx DB 成功!
2020-01-13 16:13:41.869  INFO 6340 --- [main] c.jit.aquaculture.config.iot.MinaConfig  : Socket服务器在端口：7081已经启动
2020-01-13 16:13:41.878  INFO 6340 --- [main] c.jit.aquaculture.config.iot.MinaConfig  : Socket服务器在端口：10011已经启动
2020-01-13 16:13:42.310  INFO 6340 --- [main] o.s.s.concurrent.ThreadPoolTaskExecutor  : Initializing ExecutorService 'applicationTaskExecutor'
2020-01-13 16:13:43.311  INFO 6340 --- [main] o.s.s.c.ThreadPoolTaskScheduler          : Initializing ExecutorService 'taskScheduler'
2020-01-13 16:13:43.682  INFO 6340 --- [main] o.s.i.endpoint.EventDrivenConsumer       : Adding {logging-channel-adapter:_org.springframework.integration.errorLogger} as a subscriber to the 'errorChannel' channel
2020-01-13 16:13:43.683  INFO 6340 --- [main] o.s.i.channel.PublishSubscribeChannel    : Channel 'application.errorChannel' has 1 subscriber(s).
2020-01-13 16:13:43.683  INFO 6340 --- [main] o.s.i.endpoint.EventDrivenConsumer       : started bean '_org.springframework.integration.errorLogger'
2020-01-13 16:13:43.683  INFO 6340 --- [main] o.s.i.endpoint.EventDrivenConsumer       : Adding {message-handler:mqttConfig.handler.serviceActivator} as a subscriber to the 'mqttInboundChannel' channel
2020-01-13 16:13:43.683  INFO 6340 --- [main] o.s.integration.channel.DirectChannel    : Channel 'application.mqttInboundChannel' has 1 subscriber(s).
2020-01-13 16:13:43.683  INFO 6340 --- [main] o.s.i.endpoint.EventDrivenConsumer       : started bean 'mqttConfig.handler.serviceActivator'
2020-01-13 16:13:43.683  INFO 6340 --- [main] o.s.i.endpoint.EventDrivenConsumer       : Adding {message-handler:mqttConfig.mqttOutbound.serviceActivator} as a subscriber to the 'mqttOutboundChannel' channel
2020-01-13 16:13:43.683  INFO 6340 --- [main] o.s.integration.channel.DirectChannel    : Channel 'application.mqttOutboundChannel' has 1 subscriber(s).
2020-01-13 16:13:43.683  INFO 6340 --- [main] o.s.i.endpoint.EventDrivenConsumer       : started bean 'mqttConfig.mqttOutbound.serviceActivator'
2020-01-13 16:13:44.112  INFO 6340 --- [main] .m.i.MqttPahoMessageDrivenChannelAdapter : started bean 'inbound'; defined in: 'class path resource [com/jit/aquaculture/config/iot/MqttConfig.class]'; from source: 'org.springframework.core.type.classreading.SimpleMethodMetadata@47404bea'
2020-01-13 16:13:44.113  INFO 6340 --- [main] d.s.w.p.DocumentationPluginsBootstrapper : Context refreshed
2020-01-13 16:13:44.159  INFO 6340 --- [main] d.s.w.p.DocumentationPluginsBootstrapper : Found 1 custom documentation plugin(s)
2020-01-13 16:13:44.221  INFO 6340 --- [main] s.d.s.w.s.ApiListingReferenceScanner     : Scanning for api listing references
2020-01-13 16:13:44.628  INFO 6340 --- [main] .d.s.w.r.o.CachingOperationNameGenerator : Generating unique operation named: getAllUsingGET_1
2020-01-13 16:13:44.633  INFO 6340 --- [main] .d.s.w.r.o.CachingOperationNameGenerator : Generating unique operation named: getOneUsingGET_1
2020-01-13 16:13:44.639  INFO 6340 --- [main] .d.s.w.r.o.CachingOperationNameGenerator : Generating unique operation named: getAllUsingGET_2
2020-01-13 16:13:44.641  INFO 6340 --- [main] .d.s.w.r.o.CachingOperationNameGenerator : Generating unique operation named: getOneUsingGET_2
2020-01-13 16:13:44.705  INFO 6340 --- [main] .d.s.w.r.o.CachingOperationNameGenerator : Generating unique operation named: getAllUsingGET_3
2020-01-13 16:13:44.706  INFO 6340 --- [main] .d.s.w.r.o.CachingOperationNameGenerator : Generating unique operation named: getOneUsingGET_3
2020-01-13 16:13:44.734  INFO 6340 --- [main] .d.s.w.r.o.CachingOperationNameGenerator : Generating unique operation named: getAllUsingGET_4
2020-01-13 16:13:44.738  INFO 6340 --- [main] .d.s.w.r.o.CachingOperationNameGenerator : Generating unique operation named: getOneUsingGET_4
2020-01-13 16:13:44.750  INFO 6340 --- [main] .d.s.w.r.o.CachingOperationNameGenerator : Generating unique operation named: getAllUsingGET_5
2020-01-13 16:13:44.753  INFO 6340 --- [main] .d.s.w.r.o.CachingOperationNameGenerator : Generating unique operation named: getOneUsingGET_5
2020-01-13 16:13:44.759  INFO 6340 --- [main] .d.s.w.r.o.CachingOperationNameGenerator : Generating unique operation named: addTermUsingPOST_1
2020-01-13 16:13:44.760  INFO 6340 --- [main] .d.s.w.r.o.CachingOperationNameGenerator : Generating unique operation named: listPondUsingPOST_1
2020-01-13 16:13:44.906  INFO 6340 --- [main] o.s.b.w.embedded.tomcat.TomcatWebServer  : Tomcat started on port(s): 8089 (http) with context path ''
2020-01-13 16:13:44.910  INFO 6340 --- [main] c.j.aquaculture.AquacultureApplication   : Started AquacultureApplication in 8.489 seconds (JVM running for 9.218)
2020-01-13 16:13:44.912  INFO 6340 --- [main] c.j.aquaculture.AquacultureApplication   : aquaculture application is running.........
2020-01-13 16:13:52.669  INFO 6340 --- [MQTT Call: mqttConsumer2] c.j.a.s.iot.impl.LoraServiceImpl         : 接受来自 2cf7f1221380006f 的信息长度为 648
2020-01-13 16:13:52.929  INFO 6340 --- [MQTT Call: mqttConsumer2] c.j.a.s.iot.impl.LoraServiceImpl         : deveui:2cf7f1221380006f, termid:7 周期上报消息处理成功!
2020-01-13 16:14:04.003  INFO 7384 --- [main] c.j.aquaculture.AquacultureApplication   : Starting AquacultureApplication on dell-PC with PID 7384 (started by Administrator in D:\项目开发\高淳河蟹产业链技术平台\code\aquaculture0113\aquaculture)
2020-01-13 16:14:04.006  INFO 7384 --- [main] c.j.aquaculture.AquacultureApplication   : The following profiles are active: test
2020-01-13 16:14:05.152  INFO 7384 --- [main] .s.d.r.c.RepositoryConfigurationDelegate : Multiple Spring Data modules found, entering strict repository configuration mode!
2020-01-13 16:14:05.154  INFO 7384 --- [main] .s.d.r.c.RepositoryConfigurationDelegate : Bootstrapping Spring Data Redis repositories in DEFAULT mode.
2020-01-13 16:14:05.231  INFO 7384 --- [main] .s.d.r.c.RepositoryConfigurationDelegate : Finished Spring Data repository scanning in 65ms. Found 0 Redis repository interfaces.
2020-01-13 16:14:05.521  INFO 7384 --- [main] faultConfiguringBeanFactoryPostProcessor : No bean named 'errorChannel' has been explicitly defined. Therefore, a default PublishSubscribeChannel will be created.
2020-01-13 16:14:05.533  INFO 7384 --- [main] faultConfiguringBeanFactoryPostProcessor : No bean named 'integrationHeaderChannelRegistry' has been explicitly defined. Therefore, a default DefaultHeaderChannelRegistry will be created.
2020-01-13 16:14:05.614  INFO 7384 --- [main] trationDelegate$BeanPostProcessorChecker : Bean 'org.springframework.transaction.annotation.ProxyTransactionManagementConfiguration' of type [org.springframework.transaction.annotation.ProxyTransactionManagementConfiguration] is not eligible for getting processed by all BeanPostProcessors (for example: not eligible for auto-proxying)
2020-01-13 16:14:05.621  INFO 7384 --- [main] trationDelegate$BeanPostProcessorChecker : Bean 'redisConfig' of type [com.jit.aquaculture.config.RedisConfig$$EnhancerBySpringCGLIB$$f3a94a0e] is not eligible for getting processed by all BeanPostProcessors (for example: not eligible for auto-proxying)
2020-01-13 16:14:05.666  INFO 7384 --- [main] trationDelegate$BeanPostProcessorChecker : Bean 'org.springframework.integration.config.IntegrationManagementConfiguration' of type [org.springframework.integration.config.IntegrationManagementConfiguration] is not eligible for getting processed by all BeanPostProcessors (for example: not eligible for auto-proxying)
2020-01-13 16:14:05.674  INFO 7384 --- [main] trationDelegate$BeanPostProcessorChecker : Bean 'integrationChannelResolver' of type [org.springframework.integration.support.channel.BeanFactoryChannelResolver] is not eligible for getting processed by all BeanPostProcessors (for example: not eligible for auto-proxying)
2020-01-13 16:14:05.676  INFO 7384 --- [main] trationDelegate$BeanPostProcessorChecker : Bean 'integrationDisposableAutoCreatedBeans' of type [org.springframework.integration.config.annotation.Disposables] is not eligible for getting processed by all BeanPostProcessors (for example: not eligible for auto-proxying)
2020-01-13 16:14:05.966  INFO 7384 --- [main] o.s.b.w.embedded.tomcat.TomcatWebServer  : Tomcat initialized with port(s): 8009 (http)
2020-01-13 16:14:05.973  INFO 7384 --- [main] o.apache.catalina.core.StandardService   : Starting service [Tomcat]
2020-01-13 16:14:05.973  INFO 7384 --- [main] org.apache.catalina.core.StandardEngine  : Starting Servlet engine: [Apache Tomcat/9.0.29]
2020-01-13 16:14:06.101  INFO 7384 --- [main] o.a.c.c.C.[Tomcat].[localhost].[/]       : Initializing Spring embedded WebApplicationContext
2020-01-13 16:14:06.101  INFO 7384 --- [main] o.s.web.context.ContextLoader            : Root WebApplicationContext: initialization completed in 1987 ms
2020-01-13 16:14:07.890  INFO 7384 --- [main] pertySourcedRequestMappingHandlerMapping : Mapped URL path [/v2/api-docs] onto method [springfox.documentation.swagger2.web.Swagger2Controller#getDocumentation(String, HttpServletRequest)]
2020-01-13 16:14:08.257  INFO 7384 --- [main] o.s.s.web.DefaultSecurityFilterChain     : Creating filter chain: Ant [pattern='/**/*.gif'], []
2020-01-13 16:14:08.258  INFO 7384 --- [main] o.s.s.web.DefaultSecurityFilterChain     : Creating filter chain: Ant [pattern='/**/*.png'], []
2020-01-13 16:14:08.258  INFO 7384 --- [main] o.s.s.web.DefaultSecurityFilterChain     : Creating filter chain: Ant [pattern='/**/*.jpg'], []
2020-01-13 16:14:08.258  INFO 7384 --- [main] o.s.s.web.DefaultSecurityFilterChain     : Creating filter chain: Ant [pattern='/**/*.html'], []
2020-01-13 16:14:08.258  INFO 7384 --- [main] o.s.s.web.DefaultSecurityFilterChain     : Creating filter chain: Ant [pattern='/**/*.js'], []
2020-01-13 16:14:08.258  INFO 7384 --- [main] o.s.s.web.DefaultSecurityFilterChain     : Creating filter chain: Ant [pattern='/**/*.css'], []
2020-01-13 16:14:08.258  INFO 7384 --- [main] o.s.s.web.DefaultSecurityFilterChain     : Creating filter chain: Ant [pattern='/**/*.ico'], []
2020-01-13 16:14:08.258  INFO 7384 --- [main] o.s.s.web.DefaultSecurityFilterChain     : Creating filter chain: Ant [pattern='/webjars/**'], []
2020-01-13 16:14:08.258  INFO 7384 --- [main] o.s.s.web.DefaultSecurityFilterChain     : Creating filter chain: Ant [pattern='/swagger-ui.html*/**'], []
2020-01-13 16:14:08.258  INFO 7384 --- [main] o.s.s.web.DefaultSecurityFilterChain     : Creating filter chain: Mvc [pattern='/configuration/security'], []
2020-01-13 16:14:08.258  INFO 7384 --- [main] o.s.s.web.DefaultSecurityFilterChain     : Creating filter chain: Mvc [pattern='/swagger-resources/**'], []
2020-01-13 16:14:08.258  INFO 7384 --- [main] o.s.s.web.DefaultSecurityFilterChain     : Creating filter chain: Mvc [pattern='/v2/api-docs'], []
2020-01-13 16:14:08.258  INFO 7384 --- [main] o.s.s.web.DefaultSecurityFilterChain     : Creating filter chain: Mvc [pattern='/swagger-resources'], []
2020-01-13 16:14:08.259  INFO 7384 --- [main] o.s.s.web.DefaultSecurityFilterChain     : Creating filter chain: Mvc [pattern='/swagger-ui.html'], []
2020-01-13 16:14:08.259  INFO 7384 --- [main] o.s.s.web.DefaultSecurityFilterChain     : Creating filter chain: Mvc [pattern='/springfox-swagger-ui/*.js'], []
2020-01-13 16:14:08.286  INFO 7384 --- [main] o.s.s.web.DefaultSecurityFilterChain     : Creating filter chain: any request, [org.springframework.security.web.context.request.async.WebAsyncManagerIntegrationFilter@283a8ad6, org.springframework.security.web.context.SecurityContextPersistenceFilter@2ba024cb, org.springframework.security.web.header.HeaderWriterFilter@7babed9e, org.springframework.security.web.authentication.logout.LogoutFilter@356b6b5d, com.jit.aquaculture.jwtsecurity.filter.JwtAuthenticationFilter@59e082f8, org.springframework.security.web.savedrequest.RequestCacheAwareFilter@1c7f6e96, org.springframework.security.web.servletapi.SecurityContextHolderAwareRequestFilter@74f4a2ba, org.springframework.security.web.authentication.AnonymousAuthenticationFilter@7185e611, org.springframework.security.web.session.SessionManagementFilter@6ce15112, org.springframework.security.web.access.ExceptionTranslationFilter@68d6f48e, org.springframework.security.web.access.intercept.FilterSecurityInterceptor@5c9e8a67]
2020-01-13 16:14:08.292  INFO 7384 --- [main] c.j.a.config.iot.InfluxDbConfig          : ======连接influx db==========
2020-01-13 16:14:08.421  INFO 7384 --- [main] c.j.a.mapper.influxdb.InfluxDBConnect    : 连接 Influx DB 成功!
2020-01-13 16:14:08.464  INFO 7384 --- [main] c.jit.aquaculture.config.iot.MinaConfig  : Socket服务器在端口：7081已经启动
2020-01-13 16:14:08.475  INFO 7384 --- [main] c.jit.aquaculture.config.iot.MinaConfig  : Socket服务器在端口：10011已经启动
2020-01-13 16:14:08.640  INFO 7384 --- [main] o.s.s.concurrent.ThreadPoolTaskExecutor  : Initializing ExecutorService 'applicationTaskExecutor'
2020-01-13 16:14:08.931  INFO 7384 --- [main] o.s.s.c.ThreadPoolTaskScheduler          : Initializing ExecutorService 'taskScheduler'
2020-01-13 16:14:09.131  INFO 7384 --- [main] o.s.i.endpoint.EventDrivenConsumer       : Adding {logging-channel-adapter:_org.springframework.integration.errorLogger} as a subscriber to the 'errorChannel' channel
2020-01-13 16:14:09.132  INFO 7384 --- [main] o.s.i.channel.PublishSubscribeChannel    : Channel 'application.errorChannel' has 1 subscriber(s).
2020-01-13 16:14:09.132  INFO 7384 --- [main] o.s.i.endpoint.EventDrivenConsumer       : started bean '_org.springframework.integration.errorLogger'
2020-01-13 16:14:09.132  INFO 7384 --- [main] o.s.i.endpoint.EventDrivenConsumer       : Adding {message-handler:mqttConfig.handler.serviceActivator} as a subscriber to the 'mqttInboundChannel' channel
2020-01-13 16:14:09.132  INFO 7384 --- [main] o.s.integration.channel.DirectChannel    : Channel 'application.mqttInboundChannel' has 1 subscriber(s).
2020-01-13 16:14:09.132  INFO 7384 --- [main] o.s.i.endpoint.EventDrivenConsumer       : started bean 'mqttConfig.handler.serviceActivator'
2020-01-13 16:14:09.132  INFO 7384 --- [main] o.s.i.endpoint.EventDrivenConsumer       : Adding {message-handler:mqttConfig.mqttOutbound.serviceActivator} as a subscriber to the 'mqttOutboundChannel' channel
2020-01-13 16:14:09.132  INFO 7384 --- [main] o.s.integration.channel.DirectChannel    : Channel 'application.mqttOutboundChannel' has 1 subscriber(s).
2020-01-13 16:14:09.132  INFO 7384 --- [main] o.s.i.endpoint.EventDrivenConsumer       : started bean 'mqttConfig.mqttOutbound.serviceActivator'
2020-01-13 16:14:09.531  INFO 7384 --- [main] .m.i.MqttPahoMessageDrivenChannelAdapter : started bean 'inbound'; defined in: 'class path resource [com/jit/aquaculture/config/iot/MqttConfig.class]'; from source: 'org.springframework.core.type.classreading.SimpleMethodMetadata@7b64240d'
2020-01-13 16:14:09.532  INFO 7384 --- [main] d.s.w.p.DocumentationPluginsBootstrapper : Context refreshed
2020-01-13 16:14:09.589  INFO 7384 --- [main] d.s.w.p.DocumentationPluginsBootstrapper : Found 1 custom documentation plugin(s)
2020-01-13 16:14:09.673  INFO 7384 --- [main] s.d.s.w.s.ApiListingReferenceScanner     : Scanning for api listing references
2020-01-13 16:14:09.954  INFO 7384 --- [main] .d.s.w.r.o.CachingOperationNameGenerator : Generating unique operation named: getAllUsingGET_1
2020-01-13 16:14:09.959  INFO 7384 --- [main] .d.s.w.r.o.CachingOperationNameGenerator : Generating unique operation named: getOneUsingGET_1
2020-01-13 16:14:09.966  INFO 7384 --- [main] .d.s.w.r.o.CachingOperationNameGenerator : Generating unique operation named: getAllUsingGET_2
2020-01-13 16:14:09.968  INFO 7384 --- [main] .d.s.w.r.o.CachingOperationNameGenerator : Generating unique operation named: getOneUsingGET_2
2020-01-13 16:14:10.031  INFO 7384 --- [main] .d.s.w.r.o.CachingOperationNameGenerator : Generating unique operation named: getAllUsingGET_3
2020-01-13 16:14:10.032  INFO 7384 --- [main] .d.s.w.r.o.CachingOperationNameGenerator : Generating unique operation named: getOneUsingGET_3
2020-01-13 16:14:10.061  INFO 7384 --- [main] .d.s.w.r.o.CachingOperationNameGenerator : Generating unique operation named: getAllUsingGET_4
2020-01-13 16:14:10.065  INFO 7384 --- [main] .d.s.w.r.o.CachingOperationNameGenerator : Generating unique operation named: getOneUsingGET_4
2020-01-13 16:14:10.077  INFO 7384 --- [main] .d.s.w.r.o.CachingOperationNameGenerator : Generating unique operation named: getAllUsingGET_5
2020-01-13 16:14:10.079  INFO 7384 --- [main] .d.s.w.r.o.CachingOperationNameGenerator : Generating unique operation named: getOneUsingGET_5
2020-01-13 16:14:10.086  INFO 7384 --- [main] .d.s.w.r.o.CachingOperationNameGenerator : Generating unique operation named: addTermUsingPOST_1
2020-01-13 16:14:10.087  INFO 7384 --- [main] .d.s.w.r.o.CachingOperationNameGenerator : Generating unique operation named: listPondUsingPOST_1
2020-01-13 16:14:10.137  INFO 7384 --- [main] o.apache.catalina.core.StandardService   : Stopping service [Tomcat]
2020-01-13 16:14:10.142  INFO 7384 --- [main] ConditionEvaluationReportLoggingListener : 

Error starting ApplicationContext. To display the conditions report re-run your application with 'debug' enabled.
2020-01-13 16:14:15.164  INFO 7384 --- [main] .m.i.MqttPahoMessageDrivenChannelAdapter : stopped bean 'inbound'; defined in: 'class path resource [com/jit/aquaculture/config/iot/MqttConfig.class]'; from source: 'org.springframework.core.type.classreading.SimpleMethodMetadata@7b64240d'
2020-01-13 16:14:15.165  INFO 7384 --- [main] o.s.i.endpoint.EventDrivenConsumer       : Removing {logging-channel-adapter:_org.springframework.integration.errorLogger} as a subscriber to the 'errorChannel' channel
2020-01-13 16:14:15.166  INFO 7384 --- [main] o.s.i.channel.PublishSubscribeChannel    : Channel 'application.errorChannel' has 0 subscriber(s).
2020-01-13 16:14:15.166  INFO 7384 --- [main] o.s.i.endpoint.EventDrivenConsumer       : stopped bean '_org.springframework.integration.errorLogger'
2020-01-13 16:14:15.166  INFO 7384 --- [main] o.s.i.endpoint.EventDrivenConsumer       : Removing {message-handler:mqttConfig.handler.serviceActivator} as a subscriber to the 'mqttInboundChannel' channel
2020-01-13 16:14:15.167  INFO 7384 --- [main] o.s.integration.channel.DirectChannel    : Channel 'application.mqttInboundChannel' has 0 subscriber(s).
2020-01-13 16:14:15.167  INFO 7384 --- [main] o.s.i.endpoint.EventDrivenConsumer       : stopped bean 'mqttConfig.handler.serviceActivator'
2020-01-13 16:14:15.168  INFO 7384 --- [main] o.s.i.endpoint.EventDrivenConsumer       : Removing {message-handler:mqttConfig.mqttOutbound.serviceActivator} as a subscriber to the 'mqttOutboundChannel' channel
2020-01-13 16:14:15.168  INFO 7384 --- [main] o.s.integration.channel.DirectChannel    : Channel 'application.mqttOutboundChannel' has 0 subscriber(s).
2020-01-13 16:14:15.168  INFO 7384 --- [main] o.s.i.endpoint.EventDrivenConsumer       : stopped bean 'mqttConfig.mqttOutbound.serviceActivator'
2020-01-13 16:14:15.172  INFO 7384 --- [main] o.s.s.c.ThreadPoolTaskScheduler          : Shutting down ExecutorService 'taskScheduler'
2020-01-13 16:14:15.175  INFO 7384 --- [main] o.s.s.concurrent.ThreadPoolTaskExecutor  : Shutting down ExecutorService 'applicationTaskExecutor'
